  main.cpp
E:\OneDrive - dongguk.edu\DGU_Unv\2022\3-2학기\컴퓨터알고리즘과실습\팀 프로젝트\Allocation_Of_Manpower\Allocation_Of_Manpower\FFT.h(71,63): warning C4244: '인수': 'Fast_Fourier_Transform::Integer'에서 'const std::complex<double>::_Ty'(으)로 변환하면서 데이터가 손실될 수 있습니다.
E:\OneDrive - dongguk.edu\DGU_Unv\2022\3-2학기\컴퓨터알고리즘과실습\팀 프로젝트\Allocation_Of_Manpower\Allocation_Of_Manpower\FFT.h(101,78): warning C4244: '인수': '_Ty'에서 '_Elem'(으)로 변환하면서 데이터가 손실될 수 있습니다.
          with
          [
              _Ty=MCMFGraph<ItemType,CostType,FlowType>::Integer
          ]
          and
          [
              _Elem=char
          ]
E:\OneDrive - dongguk.edu\DGU_Unv\2022\3-2학기\컴퓨터알고리즘과실습\팀 프로젝트\Allocation_Of_Manpower\Allocation_Of_Manpower\Polynomial.h(27,47): warning C4227: 오래된 구문을 사용했습니다. 참조의 한정자가 무시됩니다.
E:\OneDrive - dongguk.edu\DGU_Unv\2022\3-2학기\컴퓨터알고리즘과실습\팀 프로젝트\Allocation_Of_Manpower\Allocation_Of_Manpower\Polynomial.h(32,47): warning C4227: 오래된 구문을 사용했습니다. 참조의 한정자가 무시됩니다.
E:\OneDrive - dongguk.edu\DGU_Unv\2022\3-2학기\컴퓨터알고리즘과실습\팀 프로젝트\Allocation_Of_Manpower\Allocation_Of_Manpower\Polynomial.h(47,49): warning C4227: 오래된 구문을 사용했습니다. 참조의 한정자가 무시됩니다.
E:\OneDrive - dongguk.edu\DGU_Unv\2022\3-2학기\컴퓨터알고리즘과실습\팀 프로젝트\Allocation_Of_Manpower\Allocation_Of_Manpower\Polynomial.h(51,49): warning C4227: 오래된 구문을 사용했습니다. 참조의 한정자가 무시됩니다.
E:\OneDrive - dongguk.edu\DGU_Unv\2022\3-2학기\컴퓨터알고리즘과실습\팀 프로젝트\Allocation_Of_Manpower\Allocation_Of_Manpower\MCMF.h(150,42): warning C4018: '<': signed 또는 unsigned가 일치하지 않습니다.
E:\OneDrive - dongguk.edu\DGU_Unv\2022\3-2학기\컴퓨터알고리즘과실습\팀 프로젝트\Allocation_Of_Manpower\Allocation_Of_Manpower\MCMF.h(147): message : 클래스 템플릿 멤버 함수 'FlowType MCMFGraph<std::string,PriorityLevel,FlowType>::find_blocking_flow(MCMFGraph<std::string,PriorityLevel,FlowType>::Integer,MCMFGraph<std::string,PriorityLevel,FlowType>::Integer,FlowType,std::vector<MCMFGraph<ItemType,CostType,FlowType>::Integer,std::allocator<MCMFGraph<ItemType,CostType,FlowType>::Integer>> &,std::vector<MCMFGraph<ItemType,CostType,FlowType>::Integer,std::allocator<MCMFGraph<ItemType,CostType,FlowType>::Integer>> &)'을(를) 컴파일하는 중입니다.
          with
          [
              FlowType=Personnel
          ]
E:\OneDrive - dongguk.edu\DGU_Unv\2022\3-2학기\컴퓨터알고리즘과실습\팀 프로젝트\Allocation_Of_Manpower\Allocation_Of_Manpower\MCMF.h(177): message : 컴파일되는 함수 템플릿 인스턴스화 'FlowType MCMFGraph<std::string,PriorityLevel,FlowType>::find_blocking_flow(MCMFGraph<std::string,PriorityLevel,FlowType>::Integer,MCMFGraph<std::string,PriorityLevel,FlowType>::Integer,FlowType,std::vector<MCMFGraph<ItemType,CostType,FlowType>::Integer,std::allocator<MCMFGraph<ItemType,CostType,FlowType>::Integer>> &,std::vector<MCMFGraph<ItemType,CostType,FlowType>::Integer,std::allocator<MCMFGraph<ItemType,CostType,FlowType>::Integer>> &)'에 대한 참조를 확인하세요.
          with
          [
              FlowType=Personnel
          ]
E:\OneDrive - dongguk.edu\DGU_Unv\2022\3-2학기\컴퓨터알고리즘과실습\팀 프로젝트\Allocation_Of_Manpower\Allocation_Of_Manpower\main.cpp(23): message : 컴파일되는 클래스 템플릿 인스턴스화 'MCMFGraph<std::string,PriorityLevel,Personnel>'에 대한 참조를 확인하세요.
E:\OneDrive - dongguk.edu\DGU_Unv\2022\3-2학기\컴퓨터알고리즘과실습\팀 프로젝트\Allocation_Of_Manpower\Allocation_Of_Manpower\MCMF.h(127,34): warning C4244: '인수': 'MCMFGraph<std::string,PriorityLevel,Personnel>::Integer'에서 'int'(으)로 변환하면서 데이터가 손실될 수 있습니다.
E:\OneDrive - dongguk.edu\DGU_Unv\2022\3-2학기\컴퓨터알고리즘과실습\팀 프로젝트\Allocation_Of_Manpower\Allocation_Of_Manpower\MCMF.h(124): message : 클래스 템플릿 멤버 함수 'bool MCMFGraph<std::string,PriorityLevel,Personnel>::construct_level_graph(MCMFGraph<std::string,PriorityLevel,Personnel>::Integer,MCMFGraph<std::string,PriorityLevel,Personnel>::Integer,std::vector<MCMFGraph<ItemType,CostType,FlowType>::Integer,std::allocator<MCMFGraph<ItemType,CostType,FlowType>::Integer>> &)'을(를) 컴파일하는 중입니다.
E:\OneDrive - dongguk.edu\DGU_Unv\2022\3-2학기\컴퓨터알고리즘과실습\팀 프로젝트\Allocation_Of_Manpower\Allocation_Of_Manpower\MCMF.h(172): message : 컴파일되는 함수 템플릿 인스턴스화 'bool MCMFGraph<std::string,PriorityLevel,Personnel>::construct_level_graph(MCMFGraph<std::string,PriorityLevel,Personnel>::Integer,MCMFGraph<std::string,PriorityLevel,Personnel>::Integer,std::vector<MCMFGraph<ItemType,CostType,FlowType>::Integer,std::allocator<MCMFGraph<ItemType,CostType,FlowType>::Integer>> &)'에 대한 참조를 확인하세요.
E:\OneDrive - dongguk.edu\DGU_Unv\2022\3-2학기\컴퓨터알고리즘과실습\팀 프로젝트\Allocation_Of_Manpower\Allocation_Of_Manpower\MCMF.h(139,16): warning C4244: '인수': 'MCMFGraph<std::string,PriorityLevel,Personnel>::Integer'에서 'int'(으)로 변환하면서 데이터가 손실될 수 있습니다.
  코드를 생성하고 있습니다.
  1 of 2186 functions (<0.1%) were compiled, the rest were copied from previous compilation.
    0 functions were new in current compilation
    1 functions had inline decision re-evaluated but remain unchanged
  코드를 생성했습니다.
  Allocation_Of_Manpower.vcxproj -> E:\OneDrive - dongguk.edu\DGU_Unv\2022\3-2학기\컴퓨터알고리즘과실습\팀 프로젝트\Allocation_Of_Manpower\x64\Release\Allocation_Of_Manpower.exe
